<?xml version="1.0" encoding="UTF-8"?>
<!-- Generated by org.testng.reporters.JUnitReportReporter -->
<testsuite hostname="Sravanthi" failures="0" tests="3" name="productTest.Example1Test" time="6.887" errors="0" timestamp="2025-07-31T11:09:00 IST" skipped="0">
  <testcase classname="productTest.Example1Test" name="orderproduct3" time="1.025"/>
  <testcase classname="productTest.Example1Test" name="orderproduct2" time="1.005"/>
  <testcase classname="productTest.Example1Test" name="orderProducts" time="4.857">
    <system-out>
      <![CDATA[sravanthi
FirstName
LastName
Zipcode]]>
    </system-out>
  </testcase> <!-- orderProducts -->
  <system-out>
    <![CDATA[BrowserSetup Done
Login successfully
Logout is done
Login successfully
Logout is done
Login successfully
sravanthi
FirstName
LastName
Zipcode
Logout is done]]>
  </system-out>
</testsuite> <!-- productTest.Example1Test -->
