<?xml version="1.0" encoding="UTF-8"?>
<!-- Generated by org.testng.reporters.JUnitReportReporter -->
<testsuite hostname="Sravanthi" failures="0" tests="1" name="productTest.TeamSTest" time="0.021" errors="0" timestamp="2025-07-14T10:49:35 IST" skipped="0">
  <testcase classname="productTest.TeamSTest" name="Sravanthi" time="0.021">
    <system-out>
      <![CDATA[Sravanthi]]>
    </system-out>
  </testcase> <!-- Sravanthi -->
  <system-out>
    <![CDATA[Sravanthi]]>
  </system-out>
</testsuite> <!-- productTest.TeamSTest -->
